<?xml version="1.0" encoding="UTF-8"?>
<testng-results ignored="0" total="3" passed="3" failed="0" skipped="0">
  <reporter-output>
  </reporter-output>
  <suite started-at="2021-06-25T10:32:14Z" name="Default suite" finished-at="2021-06-25T10:32:47Z" duration-ms="32461">
    <groups>
    </groups>
    <test started-at="2021-06-25T10:32:14Z" name="Default test" finished-at="2021-06-25T10:32:47Z" duration-ms="32461">
      <class name="com.qa.opencart.tests.ProductsInfoPageTest">
        <test-method is-config="true" signature="setUp()[pri:0, instance:com.qa.opencart.tests.ProductsInfoPageTest@6e509ffa]" started-at="2021-06-25T10:32:14Z" name="setUp" finished-at="2021-06-25T10:32:18Z" duration-ms="3853" status="PASS">
          <reporter-output>
          </reporter-output>
        </test-method> <!-- setUp -->
        <test-method is-config="true" signature="productInfoSetUp()[pri:0, instance:com.qa.opencart.tests.ProductsInfoPageTest@6e509ffa]" started-at="2021-06-25T10:32:18Z" name="productInfoSetUp" finished-at="2021-06-25T10:32:23Z" duration-ms="5033" status="PASS">
          <reporter-output>
          </reporter-output>
        </test-method> <!-- productInfoSetUp -->
        <test-method signature="productImageTest()[pri:0, instance:com.qa.opencart.tests.ProductsInfoPageTest@6e509ffa]" started-at="2021-06-25T10:32:23Z" name="productImageTest" finished-at="2021-06-25T10:32:30Z" duration-ms="7479" status="PASS">
          <reporter-output>
          </reporter-output>
        </test-method> <!-- productImageTest -->
        <test-method signature="productInfoHeaderTest()[pri:0, instance:com.qa.opencart.tests.ProductsInfoPageTest@6e509ffa]" started-at="2021-06-25T10:32:30Z" name="productInfoHeaderTest" finished-at="2021-06-25T10:32:39Z" duration-ms="8246" status="PASS">
          <reporter-output>
          </reporter-output>
        </test-method> <!-- productInfoHeaderTest -->
        <test-method signature="productInfoTest()[pri:0, instance:com.qa.opencart.tests.ProductsInfoPageTest@6e509ffa]" started-at="2021-06-25T10:32:39Z" name="productInfoTest" finished-at="2021-06-25T10:32:46Z" duration-ms="7177" status="PASS">
          <reporter-output>
          </reporter-output>
        </test-method> <!-- productInfoTest -->
        <test-method is-config="true" signature="tearDown()[pri:0, instance:com.qa.opencart.tests.ProductsInfoPageTest@6e509ffa]" started-at="2021-06-25T10:32:46Z" name="tearDown" finished-at="2021-06-25T10:32:47Z" duration-ms="656" status="PASS">
          <reporter-output>
          </reporter-output>
        </test-method> <!-- tearDown -->
      </class> <!-- com.qa.opencart.tests.ProductsInfoPageTest -->
    </test> <!-- Default test -->
  </suite> <!-- Default suite -->
</testng-results>
